<?xml version="1.0" encoding="UTF-8"?>
<!-- Generated by org.testng.reporters.JUnitXMLReporter -->
<testsuite ignored="0" hostname="Supriya-DELL" failures="0" tests="3" name="Default test" time="0.048" errors="0" timestamp="2023-08-04T19:49:21 IST">
  <testcase classname="sample.Newclass" name="newclass" time="0.007"/>
  <testcase classname="sample.Newclass" name="newclass2" time="0.002"/>
  <testcase classname="sample.Newclass" name="newclass3" time="0.001"/>
</testsuite> <!-- Default test -->
