<?xml version="1.0" encoding="UTF-8"?>
<testng-results ignored="0" total="3" passed="3" failed="0" skipped="0">
  <reporter-output>
  </reporter-output>
  <suite started-at="2023-08-04T19:49:21 IST" name="Default suite" finished-at="2023-08-04T19:49:21 IST" duration-ms="48">
    <groups>
    </groups>
    <test started-at="2023-08-04T19:49:21 IST" name="Default test" finished-at="2023-08-04T19:49:21 IST" duration-ms="48">
      <class name="sample.Newclass">
        <test-method signature="newclass()[pri:0, instance:sample.Newclass@34f7cfd9]" started-at="2023-08-04T19:49:21 IST" name="newclass" finished-at="2023-08-04T19:49:21 IST" duration-ms="7" status="PASS">
          <reporter-output>
          </reporter-output>
        </test-method> <!-- newclass -->
        <test-method signature="newclass2()[pri:0, instance:sample.Newclass@34f7cfd9]" started-at="2023-08-04T19:49:21 IST" name="newclass2" finished-at="2023-08-04T19:49:21 IST" duration-ms="2" status="PASS">
          <reporter-output>
          </reporter-output>
        </test-method> <!-- newclass2 -->
        <test-method signature="newclass3()[pri:0, instance:sample.Newclass@34f7cfd9]" started-at="2023-08-04T19:49:21 IST" name="newclass3" finished-at="2023-08-04T19:49:21 IST" duration-ms="1" status="PASS">
          <reporter-output>
          </reporter-output>
        </test-method> <!-- newclass3 -->
      </class> <!-- sample.Newclass -->
    </test> <!-- Default test -->
  </suite> <!-- Default suite -->
</testng-results>
