<?xml version="1.0" encoding="UTF-8"?>
<testng-results ignored="0" total="2" passed="2" failed="0" skipped="0">
  <reporter-output>
  </reporter-output>
  <suite started-at="2023-08-04T19:10:29 IST" name="Default suite" finished-at="2023-08-04T19:10:29 IST" duration-ms="39">
    <groups>
    </groups>
    <test started-at="2023-08-04T19:10:29 IST" name="Default test" finished-at="2023-08-04T19:10:29 IST" duration-ms="39">
      <class name="sample.Newclass">
        <test-method signature="newclass()[pri:0, instance:sample.Newclass@3a6bb9bf]" started-at="2023-08-04T19:10:29 IST" name="newclass" finished-at="2023-08-04T19:10:29 IST" duration-ms="6" status="PASS">
          <reporter-output>
          </reporter-output>
        </test-method> <!-- newclass -->
        <test-method signature="newclass2()[pri:0, instance:sample.Newclass@3a6bb9bf]" started-at="2023-08-04T19:10:29 IST" name="newclass2" finished-at="2023-08-04T19:10:29 IST" duration-ms="1" status="PASS">
          <reporter-output>
          </reporter-output>
        </test-method> <!-- newclass2 -->
      </class> <!-- sample.Newclass -->
    </test> <!-- Default test -->
  </suite> <!-- Default suite -->
</testng-results>
